<?xml version="1.0" encoding="UTF-8"?>
<!-- Generated by org.testng.reporters.JUnitReportReporter -->
<testsuite hostname="DESKTOP-VFAADS2" failures="0" tests="3" name="MavenProject.testingandlearning.testII" time="12.789" errors="0" timestamp="2024-11-12T20:24:27 CET" skipped="0">
  <testcase classname="MavenProject.testingandlearning.testII" name="checkTitle" time="9.511"/>
  <system-out/>
  <testcase classname="MavenProject.testingandlearning.testII" name="selectOnlyDrillCheckbox" time="2.313"/>
  <system-out/>
  <testcase classname="MavenProject.testingandlearning.testII" name="selectDropdownOption" time="0.965"/>
  <system-out/>
</testsuite> <!-- MavenProject.testingandlearning.testII -->
