<?xml version="1.0" encoding="UTF-8"?>
<!-- Generated by org.testng.reporters.JUnitReportReporter -->
<testsuite hostname="DESKTOP-VFAADS2" failures="0" tests="1" name="MavenProject.testingandlearning.LoginTest" time="6.541" errors="0" timestamp="2024-11-07T23:26:02 CET" skipped="0">
  <testcase classname="MavenProject.testingandlearning.LoginTest" name="checkTitle" time="6.541"/>
  <system-out/>
</testsuite> <!-- MavenProject.testingandlearning.LoginTest -->
